<?xml version="1.0" encoding="utf-8"?><testsuites name="pytest tests"><testsuite name="pytest" errors="0" failures="0" skipped="1" tests="29" time="110.388" timestamp="2026-06-29T07:07:06.923566+00:00" hostname="agent-env-7896cfac-fc23-474b-add9-e50a336ad1d6"><testcase classname="backend.tests.backend_test" name="test_root" time="0.581" /><testcase classname="backend.tests.backend_test" name="test_otp_invalid_code" time="0.735" /><testcase classname="backend.tests.backend_test" name="test_welcome_credits_awarded" time="0.160" /><testcase classname="backend.tests.backend_test" name="test_city_search" time="0.415" /><testcase classname="backend.tests.backend_test" name="test_birth_details" time="0.037" /><testcase classname="backend.tests.backend_test" name="test_outlook_today_idempotent" time="0.075" /><testcase classname="backend.tests.backend_test" name="test_report_modules[personality]" time="13.732" /><testcase classname="backend.tests.backend_test" name="test_report_modules[strengths]" time="28.895" /><testcase classname="backend.tests.backend_test" name="test_report_modules[career]" time="10.216" /><testcase classname="backend.tests.backend_test" name="test_report_modules[publicImage]" time="10.777" /><testcase classname="backend.tests.backend_test" name="test_report_modules[financialPatterns]" time="17.493" /><testcase classname="backend.tests.backend_test" name="test_personality_quiz" time="0.296" /><testcase classname="backend.tests.backend_test" name="test_numerology" time="0.045" /><testcase classname="backend.tests.backend_test" name="test_tasks_list" time="0.034" /><testcase classname="backend.tests.backend_test" name="test_daily_checkin_double_credit" time="0.108" /><testcase classname="backend.tests.backend_test" name="test_credits_endpoints" time="0.068" /><testcase classname="backend.tests.backend_test" name="test_packages" time="0.047" /><testcase classname="backend.tests.backend_test" name="test_checkout" time="1.367" /><testcase classname="backend.tests.backend_test" name="test_booking_credits_and_stripe" time="0.080" /><testcase classname="backend.tests.backend_test" name="test_booking_credits_sufficient" time="0.000"><skipped type="pytest.skip" message="Insufficient credits to test full credits-booking path without DB seed.">/app/backend/tests/backend_test.py:241: Insufficient credits to test full credits-booking path without DB seed.</skipped></testcase><testcase classname="backend.tests.backend_test" name="test_notifications_seed" time="0.044" /><testcase classname="backend.tests.backend_test" name="test_dashboard_today_structure_and_cache" time="3.945" /><testcase classname="backend.tests.backend_test" name="test_advisor_chat_first_message" time="5.825" /><testcase classname="backend.tests.backend_test" name="test_advisor_chat_continues_history" time="14.689" /><testcase classname="backend.tests.backend_test" name="test_advisor_history" time="0.121" /><testcase classname="backend.tests.backend_test" name="test_advisor_chat_too_short" time="0.064" /><testcase classname="backend.tests.backend_test" name="test_decisions_log_and_list" time="0.117" /><testcase classname="backend.tests.backend_test" name="test_dashboard_requires_auth" time="0.138" /><testcase classname="backend.tests.backend_test" name="test_advisor_requires_auth" time="0.095" /></testsuite></testsuites>