<?xml version="1.0" encoding="utf-8"?><testsuites name="pytest tests"><testsuite name="pytest" errors="0" failures="0" skipped="1" tests="21" time="95.724" timestamp="2026-06-29T04:30:51.820305+00:00" hostname="agent-env-7896cfac-fc23-474b-add9-e50a336ad1d6"><testcase classname="backend.tests.backend_test" name="test_root" time="0.810" /><testcase classname="backend.tests.backend_test" name="test_otp_invalid_code" time="0.317" /><testcase classname="backend.tests.backend_test" name="test_welcome_credits_awarded" time="0.108" /><testcase classname="backend.tests.backend_test" name="test_city_search" time="0.125" /><testcase classname="backend.tests.backend_test" name="test_birth_details" time="0.031" /><testcase classname="backend.tests.backend_test" name="test_outlook_today_idempotent" time="0.078" /><testcase classname="backend.tests.backend_test" name="test_report_modules[personality]" time="13.251" /><testcase classname="backend.tests.backend_test" name="test_report_modules[strengths]" time="34.850" /><testcase classname="backend.tests.backend_test" name="test_report_modules[career]" time="11.362" /><testcase classname="backend.tests.backend_test" name="test_report_modules[publicImage]" time="11.575" /><testcase classname="backend.tests.backend_test" name="test_report_modules[financialPatterns]" time="20.652" /><testcase classname="backend.tests.backend_test" name="test_personality_quiz" time="0.152" /><testcase classname="backend.tests.backend_test" name="test_numerology" time="0.030" /><testcase classname="backend.tests.backend_test" name="test_tasks_list" time="0.033" /><testcase classname="backend.tests.backend_test" name="test_daily_checkin_double_credit" time="0.097" /><testcase classname="backend.tests.backend_test" name="test_credits_endpoints" time="0.062" /><testcase classname="backend.tests.backend_test" name="test_packages" time="0.026" /><testcase classname="backend.tests.backend_test" name="test_checkout" time="1.934" /><testcase classname="backend.tests.backend_test" name="test_booking_credits_and_stripe" time="0.063" /><testcase classname="backend.tests.backend_test" name="test_booking_credits_sufficient" time="0.000"><skipped type="pytest.skip" message="Insufficient credits to test full credits-booking path without DB seed.">/app/backend/tests/backend_test.py:241: Insufficient credits to test full credits-booking path without DB seed.</skipped></testcase><testcase classname="backend.tests.backend_test" name="test_notifications_seed" time="0.030" /></testsuite></testsuites>